error: `#[derive(SessionDiagnostic)]` can only be used on structs
  --> $DIR/diagnostic-derive.rs:37:1
   |
LL | / #[error(typeck::ambiguous_lifetime_bound, code = "E0123")]
LL | |
LL | | enum SessionDiagnosticOnEnum {
LL | |     Foo,
LL | |     Bar,
LL | | }
   | |_^

error: `#[error = ...]` is not a valid attribute
  --> $DIR/diagnostic-derive.rs:46:1
   |
LL | #[error = "E0123"]
   | ^^^^^^^^^^^^^^^^^^

error: `#[nonsense(...)]` is not a valid attribute
  --> $DIR/diagnostic-derive.rs:51:1
   |
LL | #[nonsense(typeck::ambiguous_lifetime_bound, code = "E0123")]
   | ^^^^^^^^^^^^^^^^^^^^^^^^^^^^^^^^^^^^^^^^^^^^^^^^^^^^^^^^^^^^^
   |
   = help: only `error`, `warning`, `help` and `note` are valid attributes

error: diagnostic kind not specified
  --> $DIR/diagnostic-derive.rs:51:1
   |
LL | / #[nonsense(typeck::ambiguous_lifetime_bound, code = "E0123")]
LL | |
LL | |
LL | |
LL | | struct InvalidStructAttr {}
   | |___________________________^
   |
   = help: use the `#[error(...)]` attribute to create an error

error: `#[error("...")]` is not a valid attribute
  --> $DIR/diagnostic-derive.rs:58:9
   |
LL | #[error("E0123")]
   |         ^^^^^^^
   |
   = help: first argument of the attribute should be the diagnostic slug

error: diagnostic slug not specified
  --> $DIR/diagnostic-derive.rs:58:1
   |
LL | / #[error("E0123")]
LL | |
LL | |
LL | | struct InvalidLitNestedAttr {}
   | |______________________________^
   |
   = help: specify the slug as the first argument to the attribute, such as `#[error(typeck::example_error)]`

error: `#[error(nonsense(...))]` is not a valid attribute
  --> $DIR/diagnostic-derive.rs:69:9
   |
LL | #[error(nonsense("foo"), code = "E0123", slug = "foo")]
   |         ^^^^^^^^^^^^^^^
   |
   = help: first argument of the attribute should be the diagnostic slug

error: diagnostic slug not specified
  --> $DIR/diagnostic-derive.rs:69:1
   |
LL | / #[error(nonsense("foo"), code = "E0123", slug = "foo")]
LL | |
LL | |
LL | | struct InvalidNestedStructAttr1 {}
   | |__________________________________^
   |
   = help: specify the slug as the first argument to the attribute, such as `#[error(typeck::example_error)]`

error: `#[error(nonsense = ...)]` is not a valid attribute
  --> $DIR/diagnostic-derive.rs:75:9
   |
LL | #[error(nonsense = "...", code = "E0123", slug = "foo")]
   |         ^^^^^^^^^^^^^^^^
   |
   = help: first argument of the attribute should be the diagnostic slug

error: diagnostic slug not specified
  --> $DIR/diagnostic-derive.rs:75:1
   |
LL | / #[error(nonsense = "...", code = "E0123", slug = "foo")]
LL | |
LL | |
LL | | struct InvalidNestedStructAttr2 {}
   | |__________________________________^
   |
   = help: specify the slug as the first argument to the attribute, such as `#[error(typeck::example_error)]`

error: `#[error(nonsense = ...)]` is not a valid attribute
  --> $DIR/diagnostic-derive.rs:81:9
   |
LL | #[error(nonsense = 4, code = "E0123", slug = "foo")]
   |         ^^^^^^^^^^^^
   |
   = help: first argument of the attribute should be the diagnostic slug

error: diagnostic slug not specified
  --> $DIR/diagnostic-derive.rs:81:1
   |
LL | / #[error(nonsense = 4, code = "E0123", slug = "foo")]
LL | |
LL | |
LL | | struct InvalidNestedStructAttr3 {}
   | |__________________________________^
   |
   = help: specify the slug as the first argument to the attribute, such as `#[error(typeck::example_error)]`

error: `#[error(slug = ...)]` is not a valid attribute
  --> $DIR/diagnostic-derive.rs:87:59
   |
LL | #[error(typeck::ambiguous_lifetime_bound, code = "E0123", slug = "foo")]
   |                                                           ^^^^^^^^^^^^
   |
   = help: only `code` is a valid nested attributes following the slug

error: `#[suggestion = ...]` is not a valid attribute
  --> $DIR/diagnostic-derive.rs:94:5
   |
LL |     #[suggestion = "bar"]
   |     ^^^^^^^^^^^^^^^^^^^^^

error: specified multiple times
  --> $DIR/diagnostic-derive.rs:101:1
   |
LL | #[error(typeck::ambiguous_lifetime_bound, code = "E0456")]
   | ^^^^^^^^^^^^^^^^^^^^^^^^^^^^^^^^^^^^^^^^^^^^^^^^^^^^^^^^^^
   |
note: previously specified here
  --> $DIR/diagnostic-derive.rs:100:1
   |
LL | #[error(typeck::ambiguous_lifetime_bound, code = "E0123")]
   | ^^^^^^^^^^^^^^^^^^^^^^^^^^^^^^^^^^^^^^^^^^^^^^^^^^^^^^^^^^

error: specified multiple times
  --> $DIR/diagnostic-derive.rs:101:1
   |
LL | #[error(typeck::ambiguous_lifetime_bound, code = "E0456")]
   | ^^^^^^^^^^^^^^^^^^^^^^^^^^^^^^^^^^^^^^^^^^^^^^^^^^^^^^^^^^
   |
note: previously specified here
  --> $DIR/diagnostic-derive.rs:100:1
   |
LL | #[error(typeck::ambiguous_lifetime_bound, code = "E0123")]
   | ^^^^^^^^^^^^^^^^^^^^^^^^^^^^^^^^^^^^^^^^^^^^^^^^^^^^^^^^^^

error: specified multiple times
  --> $DIR/diagnostic-derive.rs:101:50
   |
LL | #[error(typeck::ambiguous_lifetime_bound, code = "E0456")]
   |                                                  ^^^^^^^
   |
note: previously specified here
  --> $DIR/diagnostic-derive.rs:100:50
   |
LL | #[error(typeck::ambiguous_lifetime_bound, code = "E0123")]
   |                                                  ^^^^^^^

error: specified multiple times
  --> $DIR/diagnostic-derive.rs:109:1
   |
LL | #[warning(typeck::ambiguous_lifetime_bound, code = "E0293")]
   | ^^^^^^^^^^^^^^^^^^^^^^^^^^^^^^^^^^^^^^^^^^^^^^^^^^^^^^^^^^^^
   |
note: previously specified here
  --> $DIR/diagnostic-derive.rs:108:1
   |
LL | #[error(typeck::ambiguous_lifetime_bound, code = "E0123")]
   | ^^^^^^^^^^^^^^^^^^^^^^^^^^^^^^^^^^^^^^^^^^^^^^^^^^^^^^^^^^

error: specified multiple times
  --> $DIR/diagnostic-derive.rs:109:1
   |
LL | #[warning(typeck::ambiguous_lifetime_bound, code = "E0293")]
   | ^^^^^^^^^^^^^^^^^^^^^^^^^^^^^^^^^^^^^^^^^^^^^^^^^^^^^^^^^^^^
   |
note: previously specified here
  --> $DIR/diagnostic-derive.rs:108:1
   |
LL | #[error(typeck::ambiguous_lifetime_bound, code = "E0123")]
   | ^^^^^^^^^^^^^^^^^^^^^^^^^^^^^^^^^^^^^^^^^^^^^^^^^^^^^^^^^^

error: specified multiple times
  --> $DIR/diagnostic-derive.rs:109:52
   |
LL | #[warning(typeck::ambiguous_lifetime_bound, code = "E0293")]
   |                                                    ^^^^^^^
   |
note: previously specified here
  --> $DIR/diagnostic-derive.rs:108:50
   |
LL | #[error(typeck::ambiguous_lifetime_bound, code = "E0123")]
   |                                                  ^^^^^^^

error: specified multiple times
  --> $DIR/diagnostic-derive.rs:116:66
   |
LL | #[error(typeck::ambiguous_lifetime_bound, code = "E0456", code = "E0457")]
   |                                                                  ^^^^^^^
   |
note: previously specified here
  --> $DIR/diagnostic-derive.rs:116:50
   |
LL | #[error(typeck::ambiguous_lifetime_bound, code = "E0456", code = "E0457")]
   |                                                  ^^^^^^^

error: `#[error(typeck::ambiguous_lifetime_bound)]` is not a valid attribute
  --> $DIR/diagnostic-derive.rs:121:43
   |
LL | #[error(typeck::ambiguous_lifetime_bound, typeck::ambiguous_lifetime_bound, code = "E0456")]
   |                                           ^^^^^^^^^^^^^^^^^^^^^^^^^^^^^^^^

error: diagnostic kind not specified
  --> $DIR/diagnostic-derive.rs:126:1
   |
LL | struct KindNotProvided {}
   | ^^^^^^^^^^^^^^^^^^^^^^^^^
   |
   = help: use the `#[error(...)]` attribute to create an error

error: diagnostic slug not specified
  --> $DIR/diagnostic-derive.rs:129:1
   |
LL | / #[error(code = "E0456")]
LL | |
LL | | struct SlugNotProvided {}
   | |_________________________^
   |
   = help: specify the slug as the first argument to the attribute, such as `#[error(typeck::example_error)]`

error: the `#[primary_span]` attribute can only be applied to fields of type `Span`
  --> $DIR/diagnostic-derive.rs:140:5
   |
LL |     #[primary_span]
   |     ^^^^^^^^^^^^^^^

error: `#[nonsense]` is not a valid attribute
  --> $DIR/diagnostic-derive.rs:148:5
   |
LL |     #[nonsense]
   |     ^^^^^^^^^^^
   |
   = help: only `skip_arg`, `primary_span`, `label`, `note`, `help` and `subdiagnostic` are valid field attributes

error: the `#[label(...)]` attribute can only be applied to fields of type `Span`
  --> $DIR/diagnostic-derive.rs:165:5
   |
LL |     #[label(typeck::label)]
   |     ^^^^^^^^^^^^^^^^^^^^^^^

error: `name` doesn't refer to a field on this type
  --> $DIR/diagnostic-derive.rs:173:45
   |
LL |     #[suggestion(typeck::suggestion, code = "{name}")]
   |                                             ^^^^^^^^

error: invalid format string: expected `'}'` but string was terminated
  --> $DIR/diagnostic-derive.rs:178:16
   |
LL | #[derive(SessionDiagnostic)]
   |           -    ^ expected `'}'` in format string
   |           |
   |           because of this opening brace
   |
   = note: if you intended to print `{`, you can escape it using `{{`
   = note: this error originates in the derive macro `SessionDiagnostic` (in Nightly builds, run with -Z macro-backtrace for more info)

error: invalid format string: unmatched `}` found
  --> $DIR/diagnostic-derive.rs:188:15
   |
LL | #[derive(SessionDiagnostic)]
   |               ^ unmatched `}` in format string
   |
   = note: if you intended to print `}`, you can escape it using `}}`
   = note: this error originates in the derive macro `SessionDiagnostic` (in Nightly builds, run with -Z macro-backtrace for more info)

error: the `#[label(...)]` attribute can only be applied to fields of type `Span`
  --> $DIR/diagnostic-derive.rs:208:5
   |
LL |     #[label(typeck::label)]
   |     ^^^^^^^^^^^^^^^^^^^^^^^

error: `#[suggestion(nonsense = ...)]` is not a valid attribute
  --> $DIR/diagnostic-derive.rs:233:18
   |
LL |     #[suggestion(nonsense = "bar")]
   |                  ^^^^^^^^^^^^^^^^
   |
   = help: only `message`, `code` and `applicability` are valid field attributes

error: `#[suggestion(msg = ...)]` is not a valid attribute
  --> $DIR/diagnostic-derive.rs:241:18
   |
LL |     #[suggestion(msg = "bar")]
   |                  ^^^^^^^^^^^
   |
   = help: only `message`, `code` and `applicability` are valid field attributes

error: wrong field type for suggestion
  --> $DIR/diagnostic-derive.rs:263:5
   |
LL | /     #[suggestion(typeck::suggestion, code = "This is suggested code")]
LL | |
LL | |     suggestion: Applicability,
   | |_____________________________^
   |
   = help: `#[suggestion(...)]` should be applied to fields of type `Span` or `(Span, Applicability)`

error: type of field annotated with `#[suggestion(...)]` contains more than one `Span`
  --> $DIR/diagnostic-derive.rs:278:5
   |
LL | /     #[suggestion(typeck::suggestion, code = "This is suggested code")]
LL | |
LL | |     suggestion: (Span, Span, Applicability),
   | |___________________________________________^

error: type of field annotated with `#[suggestion(...)]` contains more than one Applicability
  --> $DIR/diagnostic-derive.rs:286:5
   |
LL | /     #[suggestion(typeck::suggestion, code = "This is suggested code")]
LL | |
LL | |     suggestion: (Applicability, Applicability, Span),
   | |____________________________________________________^

error: `#[label = ...]` is not a valid attribute
  --> $DIR/diagnostic-derive.rs:294:5
   |
LL |     #[label = "bar"]
   |     ^^^^^^^^^^^^^^^^

error: applicability cannot be set in both the field and attribute
  --> $DIR/diagnostic-derive.rs:445:52
   |
LL |     #[suggestion(typeck::suggestion, code = "...", applicability = "maybe-incorrect")]
   |                                                    ^^^^^^^^^^^^^^^^^^^^^^^^^^^^^^^^^

error: invalid applicability
  --> $DIR/diagnostic-derive.rs:453:52
   |
LL |     #[suggestion(typeck::suggestion, code = "...", applicability = "batman")]
   |                                                    ^^^^^^^^^^^^^^^^^^^^^^^^

error: `#[label(...)]` is not a valid attribute
  --> $DIR/diagnostic-derive.rs:516:5
   |
LL |     #[label(typeck::label, foo)]
   |     ^^^^^^^^^^^^^^^^^^^^^^^^^^^^

error: `#[label(...)]` is not a valid attribute
  --> $DIR/diagnostic-derive.rs:524:5
   |
LL |     #[label(typeck::label, foo = "...")]
   |     ^^^^^^^^^^^^^^^^^^^^^^^^^^^^^^^^^^^^

error: `#[label(...)]` is not a valid attribute
  --> $DIR/diagnostic-derive.rs:532:5
   |
LL |     #[label(typeck::label, foo("..."))]
   |     ^^^^^^^^^^^^^^^^^^^^^^^^^^^^^^^^^^^

error: cannot find attribute `nonsense` in this scope
  --> $DIR/diagnostic-derive.rs:51:3
   |
LL | #[nonsense(typeck::ambiguous_lifetime_bound, code = "E0123")]
   |   ^^^^^^^^

error: cannot find attribute `nonsense` in this scope
  --> $DIR/diagnostic-derive.rs:148:7
   |
LL |     #[nonsense]
   |       ^^^^^^^^

error[E0425]: cannot find value `nonsense` in module `rustc_errors::fluent`
  --> $DIR/diagnostic-derive.rs:64:9
   |
LL | #[error(nonsense, code = "E0123")]
   |         ^^^^^^^^ not found in `rustc_errors::fluent`

error[E0277]: the trait bound `Hello: IntoDiagnosticArg` is not satisfied
  --> $DIR/diagnostic-derive.rs:338:10
   |
LL | #[derive(SessionDiagnostic)]
   |          ^^^^^^^^^^^^^^^^^ the trait `IntoDiagnosticArg` is not implemented for `Hello`
   |
   = help: the following other types implement trait `IntoDiagnosticArg`:
             &'a str
             Ident
             String
             Symbol
             rustc_middle::ty::Ty<'tcx>
             usize
note: required by a bound in `DiagnosticBuilder::<'a, G>::set_arg`
  --> $COMPILER_DIR/rustc_errors/src/diagnostic_builder.rs:538:19
   |
LL |         arg: impl IntoDiagnosticArg,
   |                   ^^^^^^^^^^^^^^^^^ required by this bound in `DiagnosticBuilder::<'a, G>::set_arg`
   = note: this error originates in the derive macro `SessionDiagnostic` (in Nightly builds, run with -Z macro-backtrace for more info)

error: aborting due to 46 previous errors

Some errors have detailed explanations: E0277, E0425.
For more information about an error, try `rustc --explain E0277`.
