error[E0277]: the trait bound `u32: ~const Plus` is not satisfied
  --> $DIR/call-const-trait-method-fail.rs:24:7
   |
LL |     a.plus(b)
   |       ^^^^^^^ the trait `~const Plus` is not implemented for `u32`
   |
note: the trait `Plus` is implemented for `u32`, but that implementation is not `const`
  --> $DIR/call-const-trait-method-fail.rs:24:7
   |
LL |     a.plus(b)
   |       ^^^^^^^

error[E0015]: cannot call non-const fn `<u32 as Plus>::plus` in constant functions
  --> $DIR/call-const-trait-method-fail.rs:24:7
   |
LL |     a.plus(b)
   |       ^^^^^^^
   |
   = note: calls in constant functions are limited to constant functions, tuple structs and tuple variants

error: aborting due to 2 previous errors

Some errors have detailed explanations: E0015, E0277.
For more information about an error, try `rustc --explain E0015`.
