error[E0425]: cannot find function `f` in this scope
  --> $DIR/globs.rs:22:9
   |
LL |         f();
   |         ^ not found in this scope
   |
help: possible candidate is found in another module, you can import it into scope
   |
LL | use foo::f;
   |

error[E0425]: cannot find function `g` in this scope
  --> $DIR/globs.rs:15:5
   |
LL |       g();
   |       ^ not found in this scope
...
LL | /     m! {
LL | |         use bar::*;
LL | |         g();
LL | |         f();
LL | |     }
   | |_____- in this macro invocation
   |
   = note: this error originates in a macro (in Nightly builds, run with -Z macro-backtrace for more info)
help: possible candidates are found in other modules, you can import them into scope
   |
LL | use bar::g;
   |
LL | use foo::test2::test::g;
   |
LL | use foo::test::g;
   |

error[E0425]: cannot find function `f` in this scope
  --> $DIR/globs.rs:61:12
   |
LL | n!(f);
   | ------ in this macro invocation
...
LL |         n!(f);
   |            ^ not found in this scope
   |
   = note: possible candidate is found in another module, you can import it into scope:
           foo::f
   = note: this error originates in a macro (in Nightly builds, run with -Z macro-backtrace for more info)

error[E0425]: cannot find function `f` in this scope
  --> $DIR/globs.rs:65:17
   |
LL | n!(f);
   | ------ in this macro invocation
...
LL |                 f
   |                 ^ not found in this scope
   |
   = note: possible candidate is found in another module, you can import it into scope:
           foo::f
   = note: this error originates in a macro (in Nightly builds, run with -Z macro-backtrace for more info)

error: aborting due to 4 previous errors

For more information about this error, try `rustc --explain E0425`.
