error[E0277]: the trait bound `C: std::marker::Copy` is not satisfied
  --> $DIR/deriving-copyclone.rs:31:5
   |
LL | fn is_copy<T: Copy>(_: T) {}
   | ------------------------- required by `is_copy`
...
LL |     is_copy(B { a: 1, b: C });
   |     ^^^^^^^ the trait `std::marker::Copy` is not implemented for `C`
   |
   = note: required because of the requirements on the impl of `std::marker::Copy` for `B<C>`

error[E0277]: the trait bound `C: std::clone::Clone` is not satisfied
  --> $DIR/deriving-copyclone.rs:32:5
   |
LL | fn is_clone<T: Clone>(_: T) {}
   | --------------------------- required by `is_clone`
...
LL |     is_clone(B { a: 1, b: C });
   |     ^^^^^^^^ the trait `std::clone::Clone` is not implemented for `C`
   |
   = note: required because of the requirements on the impl of `std::clone::Clone` for `B<C>`

error[E0277]: the trait bound `D: std::marker::Copy` is not satisfied
  --> $DIR/deriving-copyclone.rs:35:5
   |
LL | fn is_copy<T: Copy>(_: T) {}
   | ------------------------- required by `is_copy`
...
LL |     is_copy(B { a: 1, b: D });
   |     ^^^^^^^ the trait `std::marker::Copy` is not implemented for `D`
   |
   = note: required because of the requirements on the impl of `std::marker::Copy` for `B<D>`

error: aborting due to 3 previous errors

For more information about this error, try `rustc --explain E0277`.
