error[E0107]: wrong number of lifetime arguments: expected 2, found 1
  --> $DIR/method-call-lifetime-args-fail.rs:26:7
   |
LL |     S.early::<'static>();
   |       ^^^^^ expected 2 lifetime arguments

error[E0107]: wrong number of lifetime arguments: expected 2, found 3
  --> $DIR/method-call-lifetime-args-fail.rs:28:33
   |
LL |     S.early::<'static, 'static, 'static>();
   |                                 ^^^^^^^ unexpected lifetime argument

error: cannot specify lifetime arguments explicitly if late bound lifetime parameters are present
  --> $DIR/method-call-lifetime-args-fail.rs:37:15
   |
LL |     S::late::<'static>(S, &0, &0);
   |               ^^^^^^^
   |
note: the late bound lifetime parameter is introduced here
  --> $DIR/method-call-lifetime-args-fail.rs:14:13
   |
LL |     fn late<'a, 'b>(self, _: &'a u8, _: &'b u8) {}
   |             ^^

error: cannot specify lifetime arguments explicitly if late bound lifetime parameters are present
  --> $DIR/method-call-lifetime-args-fail.rs:39:15
   |
LL |     S::late::<'static, 'static>(S, &0, &0);
   |               ^^^^^^^
   |
note: the late bound lifetime parameter is introduced here
  --> $DIR/method-call-lifetime-args-fail.rs:14:13
   |
LL |     fn late<'a, 'b>(self, _: &'a u8, _: &'b u8) {}
   |             ^^

error: cannot specify lifetime arguments explicitly if late bound lifetime parameters are present
  --> $DIR/method-call-lifetime-args-fail.rs:41:15
   |
LL |     S::late::<'static, 'static, 'static>(S, &0, &0);
   |               ^^^^^^^
   |
note: the late bound lifetime parameter is introduced here
  --> $DIR/method-call-lifetime-args-fail.rs:14:13
   |
LL |     fn late<'a, 'b>(self, _: &'a u8, _: &'b u8) {}
   |             ^^

error: cannot specify lifetime arguments explicitly if late bound lifetime parameters are present
  --> $DIR/method-call-lifetime-args-fail.rs:44:21
   |
LL |     S::late_early::<'static, 'static>(S, &0);
   |                     ^^^^^^^
   |
note: the late bound lifetime parameter is introduced here
  --> $DIR/method-call-lifetime-args-fail.rs:17:19
   |
LL |     fn late_early<'a, 'b>(self, _: &'a u8) -> &'b u8 { loop {} }
   |                   ^^

error: cannot specify lifetime arguments explicitly if late bound lifetime parameters are present
  --> $DIR/method-call-lifetime-args-fail.rs:46:21
   |
LL |     S::late_early::<'static, 'static, 'static>(S, &0);
   |                     ^^^^^^^
   |
note: the late bound lifetime parameter is introduced here
  --> $DIR/method-call-lifetime-args-fail.rs:17:19
   |
LL |     fn late_early<'a, 'b>(self, _: &'a u8) -> &'b u8 { loop {} }
   |                   ^^

error: cannot specify lifetime arguments explicitly if late bound lifetime parameters are present
  --> $DIR/method-call-lifetime-args-fail.rs:50:24
   |
LL |     S::late_implicit::<'static>(S, &0, &0);
   |                        ^^^^^^^
   |
note: the late bound lifetime parameter is introduced here
  --> $DIR/method-call-lifetime-args-fail.rs:15:31
   |
LL |     fn late_implicit(self, _: &u8, _: &u8) {}
   |                               ^

error: cannot specify lifetime arguments explicitly if late bound lifetime parameters are present
  --> $DIR/method-call-lifetime-args-fail.rs:52:24
   |
LL |     S::late_implicit::<'static, 'static>(S, &0, &0);
   |                        ^^^^^^^
   |
note: the late bound lifetime parameter is introduced here
  --> $DIR/method-call-lifetime-args-fail.rs:15:31
   |
LL |     fn late_implicit(self, _: &u8, _: &u8) {}
   |                               ^

error: cannot specify lifetime arguments explicitly if late bound lifetime parameters are present
  --> $DIR/method-call-lifetime-args-fail.rs:54:24
   |
LL |     S::late_implicit::<'static, 'static, 'static>(S, &0, &0);
   |                        ^^^^^^^
   |
note: the late bound lifetime parameter is introduced here
  --> $DIR/method-call-lifetime-args-fail.rs:15:31
   |
LL |     fn late_implicit(self, _: &u8, _: &u8) {}
   |                               ^

error: cannot specify lifetime arguments explicitly if late bound lifetime parameters are present
  --> $DIR/method-call-lifetime-args-fail.rs:57:30
   |
LL |     S::late_implicit_early::<'static, 'static>(S, &0);
   |                              ^^^^^^^
   |
note: the late bound lifetime parameter is introduced here
  --> $DIR/method-call-lifetime-args-fail.rs:18:41
   |
LL |     fn late_implicit_early<'b>(self, _: &u8) -> &'b u8 { loop {} }
   |                                         ^

error: cannot specify lifetime arguments explicitly if late bound lifetime parameters are present
  --> $DIR/method-call-lifetime-args-fail.rs:59:30
   |
LL |     S::late_implicit_early::<'static, 'static, 'static>(S, &0);
   |                              ^^^^^^^
   |
note: the late bound lifetime parameter is introduced here
  --> $DIR/method-call-lifetime-args-fail.rs:18:41
   |
LL |     fn late_implicit_early<'b>(self, _: &u8) -> &'b u8 { loop {} }
   |                                         ^

error: cannot specify lifetime arguments explicitly if late bound lifetime parameters are present
  --> $DIR/method-call-lifetime-args-fail.rs:62:35
   |
LL |     S::late_implicit_self_early::<'static, 'static>(&S);
   |                                   ^^^^^^^
   |
note: the late bound lifetime parameter is introduced here
  --> $DIR/method-call-lifetime-args-fail.rs:19:37
   |
LL |     fn late_implicit_self_early<'b>(&self) -> &'b u8 { loop {} }
   |                                     ^

error: cannot specify lifetime arguments explicitly if late bound lifetime parameters are present
  --> $DIR/method-call-lifetime-args-fail.rs:64:35
   |
LL |     S::late_implicit_self_early::<'static, 'static, 'static>(&S);
   |                                   ^^^^^^^
   |
note: the late bound lifetime parameter is introduced here
  --> $DIR/method-call-lifetime-args-fail.rs:19:37
   |
LL |     fn late_implicit_self_early<'b>(&self) -> &'b u8 { loop {} }
   |                                     ^

error: cannot specify lifetime arguments explicitly if late bound lifetime parameters are present
  --> $DIR/method-call-lifetime-args-fail.rs:67:28
   |
LL |     S::late_unused_early::<'static, 'static>(S);
   |                            ^^^^^^^
   |
note: the late bound lifetime parameter is introduced here
  --> $DIR/method-call-lifetime-args-fail.rs:20:26
   |
LL |     fn late_unused_early<'a, 'b>(self) -> &'b u8 { loop {} }
   |                          ^^

error: cannot specify lifetime arguments explicitly if late bound lifetime parameters are present
  --> $DIR/method-call-lifetime-args-fail.rs:69:28
   |
LL |     S::late_unused_early::<'static, 'static, 'static>(S);
   |                            ^^^^^^^
   |
note: the late bound lifetime parameter is introduced here
  --> $DIR/method-call-lifetime-args-fail.rs:20:26
   |
LL |     fn late_unused_early<'a, 'b>(self) -> &'b u8 { loop {} }
   |                          ^^

error[E0107]: wrong number of lifetime arguments: expected 2, found 1
  --> $DIR/method-call-lifetime-args-fail.rs:73:5
   |
LL |     S::early::<'static>(S);
   |     ^^^^^^^^^^^^^^^^^^^ expected 2 lifetime arguments

error[E0107]: wrong number of lifetime arguments: expected 2, found 3
  --> $DIR/method-call-lifetime-args-fail.rs:75:34
   |
LL |     S::early::<'static, 'static, 'static>(S);
   |                                  ^^^^^^^ unexpected lifetime argument

error: aborting due to 18 previous errors

For more information about this error, try `rustc --explain E0107`.
