error: struct literals are not allowed here
  --> $DIR/E0423.rs:12:32
   |
LL |     if let S { x: _x, y: 2 } = S { x: 1, y: 2 } { println!("Ok"); }
   |                                ^^^^^^^^^^^^^^^^
help: surround the struct literal with parentheses
   |
LL |     if let S { x: _x, y: 2 } = (S { x: 1, y: 2 }) { println!("Ok"); }
   |                                ^                ^

error: expected expression, found `==`
  --> $DIR/E0423.rs:14:13
   |
LL |     if T {} == T {} { println!("Ok"); }
   |             ^^ expected expression

error: struct literals are not allowed here
  --> $DIR/E0423.rs:20:14
   |
LL |     for _ in std::ops::Range { start: 0, end: 10 } {}
   |              ^^^^^^^^^^^^^^^^^^^^^^^^^^^^^^^^^^^^^
help: surround the struct literal with parentheses
   |
LL |     for _ in (std::ops::Range { start: 0, end: 10 }) {}
   |              ^                                     ^

error[E0423]: expected function, found struct `Foo`
  --> $DIR/E0423.rs:4:13
   |
LL |     let f = Foo();
   |             ^^^
   |             |
   |             did you mean `Foo { /* fields */ }`?
   |             help: a function with a similar name exists: `foo`

error[E0423]: expected value, found struct `T`
  --> $DIR/E0423.rs:14:8
   |
LL |     if T {} == T {} { println!("Ok"); }
   |        ^---
   |        |
   |        help: surround the struct literal with parenthesis: `(T {})`

error: aborting due to 5 previous errors

For more information about this error, try `rustc --explain E0423`.
