error[E0261]: use of undeclared lifetime name `'test`
  --> $DIR/no_introducing_in_band_in_locals.rs:15:13
   |
15 |     let y: &'test u32 = x;
   |             ^^^^^ undeclared lifetime

error[E0261]: use of undeclared lifetime name `'test`
  --> $DIR/no_introducing_in_band_in_locals.rs:20:16
   |
20 |     let y: fn(&'test u32) = foo2;
   |                ^^^^^ undeclared lifetime

error: aborting due to 2 previous errors

